<?xml version="1.0" encoding="UTF-8"?>
<testng-results skipped="0" failed="0" ignored="0" total="1" passed="1">
  <reporter-output>
  </reporter-output>
  <suite name="Default suite" duration-ms="3256" started-at="2019-02-08T07:32:56Z" finished-at="2019-02-08T07:32:59Z">
    <groups>
    </groups>
    <test name="Default test" duration-ms="3256" started-at="2019-02-08T07:32:56Z" finished-at="2019-02-08T07:32:59Z">
      <class name="AddnewUser.NewUser">
        <test-method status="PASS" signature="newuser()[pri:0, instance:AddnewUser.NewUser@48eff760]" name="newuser" duration-ms="3223" started-at="2019-02-08T13:02:56Z" finished-at="2019-02-08T13:02:59Z">
          <reporter-output>
          </reporter-output>
        </test-method> <!-- newuser -->
      </class> <!-- AddnewUser.NewUser -->
    </test> <!-- Default test -->
  </suite> <!-- Default suite -->
</testng-results>
